# JRE version: Java(TM) SE Runtime Environment 18.9 (11.0.11+9) (build 11.0.11+9-LTS-194)
# Java VM: Java HotSpot(TM) 64-Bit Server VM 18.9 (11.0.11+9-LTS-194, mixed mode, tiered, compressed oops, parallel gc, bsd-amd64)
Heap:
 PSYoungGen      total 23552K, used 0K [0x00000007eab00000, 0x00000007ec980000, 0x0000000800000000)
  eden space 22528K, 0% used [0x00000007eab00000,0x00000007eab00000,0x00000007ec100000)
  from space 1024K, 0% used [0x00000007ec380000,0x00000007ec380000,0x00000007ec480000)
  to   space 2560K, 0% used [0x00000007ec700000,0x00000007ec700000,0x00000007ec980000)
 ParOldGen       total 68608K, used 24742K [0x00000007c0000000, 0x00000007c4300000, 0x00000007eab00000)
  object space 68608K, 36% used [0x00000007c0000000,0x00000007c1829960,0x00000007c4300000)
 Metaspace       used 33307K, capacity 35180K, committed 35328K, reserved 1081344K
  class space    used 3174K, capacity 3839K, committed 3840K, reserved 1048576K
GC Heap History (10 events):
Event: 13.605 GC heap before
{Heap before GC invocations=9 (full 1):
 PSYoungGen      total 30720K, used 30700K [0x00000007eab00000, 0x00000007ed480000, 0x0000000800000000)
  eden space 24064K, 100% used [0x00000007eab00000,0x00000007ec280000,0x00000007ec280000)
  from space 6656K, 99% used [0x00000007ec380000,0x00000007ec9fb050,0x00000007eca00000)
  to   space 9216K, 0% used [0x00000007ecb80000,0x00000007ecb80000,0x00000007ed480000)
 ParOldGen       total 68608K, used 10815K [0x00000007c0000000, 0x00000007c4300000, 0x00000007eab00000)
  object space 68608K, 15% used [0x00000007c0000000,0x00000007c0a8fce0,0x00000007c4300000)
 Metaspace       used 30810K, capacity 32785K, committed 33152K, reserved 1079296K
  class space    used 2968K, capacity 3663K, committed 3712K, reserved 1048576K
}
Event: 13.610 GC heap after
{Heap after GC invocations=9 (full 1):
 PSYoungGen      total 30208K, used 6611K [0x00000007eab00000, 0x00000007ed200000, 0x0000000800000000)
  eden space 23552K, 0% used [0x00000007eab00000,0x00000007eab00000,0x00000007ec200000)
  from space 6656K, 99% used [0x00000007ecb80000,0x00000007ed1f4ea8,0x00000007ed200000)
  to   space 7680K, 0% used [0x00000007ec300000,0x00000007ec300000,0x00000007eca80000)
 ParOldGen       total 68608K, used 13207K [0x00000007c0000000, 0x00000007c4300000, 0x00000007eab00000)
  object space 68608K, 19% used [0x00000007c0000000,0x00000007c0ce5f28,0x00000007c4300000)
 Metaspace       used 30810K, capacity 32785K, committed 33152K, reserved 1079296K
  class space    used 2968K, capacity 3663K, committed 3712K, reserved 1048576K
}
Event: 14.011 GC heap before
{Heap before GC invocations=10 (full 1):
 PSYoungGen      total 30208K, used 30163K [0x00000007eab00000, 0x00000007ed200000, 0x0000000800000000)
  eden space 23552K, 100% used [0x00000007eab00000,0x00000007ec200000,0x00000007ec200000)
  from space 6656K, 99% used [0x00000007ecb80000,0x00000007ed1f4ea8,0x00000007ed200000)
  to   space 7680K, 0% used [0x00000007ec300000,0x00000007ec300000,0x00000007eca80000)
 ParOldGen       total 68608K, used 13207K [0x00000007c0000000, 0x00000007c4300000, 0x00000007eab00000)
  object space 68608K, 19% used [0x00000007c0000000,0x00000007c0ce5f28,0x00000007c4300000)
 Metaspace       used 30810K, capacity 32785K, committed 33152K, reserved 1079296K
  class space    used 2968K, capacity 3663K, committed 3712K, reserved 1048576K
}
Event: 14.027 GC heap after
{Heap after GC invocations=10 (full 1):
 PSYoungGen      total 29184K, used 5792K [0x00000007eab00000, 0x00000007ece80000, 0x0000000800000000)
  eden space 23040K, 0% used [0x00000007eab00000,0x00000007eab00000,0x00000007ec180000)
  from space 6144K, 94% used [0x00000007ec300000,0x00000007ec8a8010,0x00000007ec900000)
  to   space 5632K, 0% used [0x00000007ec900000,0x00000007ec900000,0x00000007ece80000)
 ParOldGen       total 68608K, used 16035K [0x00000007c0000000, 0x00000007c4300000, 0x00000007eab00000)
  object space 68608K, 23% used [0x00000007c0000000,0x00000007c0fa8dc0,0x00000007c4300000)
 Metaspace       used 30810K, capacity 32785K, committed 33152K, reserved 1079296K
  class space    used 2968K, capacity 3663K, committed 3712K, reserved 1048576K
}
Event: 19.701 GC heap before
{Heap before GC invocations=11 (full 1):
 PSYoungGen      total 29184K, used 28832K [0x00000007eab00000, 0x00000007ece80000, 0x0000000800000000)
  eden space 23040K, 100% used [0x00000007eab00000,0x00000007ec180000,0x00000007ec180000)
  from space 6144K, 94% used [0x00000007ec300000,0x00000007ec8a8010,0x00000007ec900000)
  to   space 5632K, 0% used [0x00000007ec900000,0x00000007ec900000,0x00000007ece80000)
 ParOldGen       total 68608K, used 16035K [0x00000007c0000000, 0x00000007c4300000, 0x00000007eab00000)
  object space 68608K, 23% used [0x00000007c0000000,0x00000007c0fa8dc0,0x00000007c4300000)
 Metaspace       used 31831K, capacity 33708K, committed 33920K, reserved 1079296K
  class space    used 3059K, capacity 3711K, committed 3712K, reserved 1048576K
}
Event: 19.718 GC heap after
{Heap after GC invocations=11 (full 1):
 PSYoungGen      total 28160K, used 5284K [0x00000007eab00000, 0x00000007ece80000, 0x0000000800000000)
  eden space 22528K, 0% used [0x00000007eab00000,0x00000007eab00000,0x00000007ec100000)
  from space 5632K, 93% used [0x00000007ec900000,0x00000007ece293d0,0x00000007ece80000)
  to   space 5632K, 0% used [0x00000007ec380000,0x00000007ec380000,0x00000007ec900000)
 ParOldGen       total 68608K, used 19729K [0x00000007c0000000, 0x00000007c4300000, 0x00000007eab00000)
  object space 68608K, 28% used [0x00000007c0000000,0x00000007c13447f8,0x00000007c4300000)
 Metaspace       used 31831K, capacity 33708K, committed 33920K, reserved 1079296K
  class space    used 3059K, capacity 3711K, committed 3712K, reserved 1048576K
}
Event: 20.193 GC heap before
{Heap before GC invocations=12 (full 1):
 PSYoungGen      total 28160K, used 9090K [0x00000007eab00000, 0x00000007ece80000, 0x0000000800000000)
  eden space 22528K, 16% used [0x00000007eab00000,0x00000007eaeb77e8,0x00000007ec100000)
  from space 5632K, 93% used [0x00000007ec900000,0x00000007ece293d0,0x00000007ece80000)
  to   space 5632K, 0% used [0x00000007ec380000,0x00000007ec380000,0x00000007ec900000)
 ParOldGen       total 68608K, used 19729K [0x00000007c0000000, 0x00000007c4300000, 0x00000007eab00000)
  object space 68608K, 28% used [0x00000007c0000000,0x00000007c13447f8,0x00000007c4300000)
 Metaspace       used 33307K, capacity 35180K, committed 35328K, reserved 1081344K
  class space    used 3174K, capacity 3839K, committed 3840K, reserved 1048576K
}
Event: 20.199 GC heap after
{Heap after GC invocations=12 (full 1):
 PSYoungGen      total 23552K, used 549K [0x00000007eab00000, 0x00000007ec980000, 0x0000000800000000)
  eden space 22528K, 0% used [0x00000007eab00000,0x00000007eab00000,0x00000007ec100000)
  from space 1024K, 53% used [0x00000007ec380000,0x00000007ec409450,0x00000007ec480000)
  to   space 2560K, 0% used [0x00000007ec700000,0x00000007ec700000,0x00000007ec980000)
 ParOldGen       total 68608K, used 24867K [0x00000007c0000000, 0x00000007c4300000, 0x00000007eab00000)
  object space 68608K, 36% used [0x00000007c0000000,0x00000007c1848df0,0x00000007c4300000)
 Metaspace       used 33307K, capacity 35180K, committed 35328K, reserved 1081344K
  class space    used 3174K, capacity 3839K, committed 3840K, reserved 1048576K
}
Event: 20.199 GC heap before
{Heap before GC invocations=13 (full 2):
 PSYoungGen      total 23552K, used 549K [0x00000007eab00000, 0x00000007ec980000, 0x0000000800000000)
  eden space 22528K, 0% used [0x00000007eab00000,0x00000007eab00000,0x00000007ec100000)
  from space 1024K, 53% used [0x00000007ec380000,0x00000007ec409450,0x00000007ec480000)
  to   space 2560K, 0% used [0x00000007ec700000,0x00000007ec700000,0x00000007ec980000)
 ParOldGen       total 68608K, used 24867K [0x00000007c0000000, 0x00000007c4300000, 0x00000007eab00000)
  object space 68608K, 36% used [0x00000007c0000000,0x00000007c1848df0,0x00000007c4300000)
 Metaspace       used 33307K, capacity 35180K, committed 35328K, reserved 1081344K
  class space    used 3174K, capacity 3839K, committed 3840K, reserved 1048576K
}
Event: 20.745 GC heap after
{Heap after GC invocations=13 (full 2):
 PSYoungGen      total 23552K, used 0K [0x00000007eab00000, 0x00000007ec980000, 0x0000000800000000)
  eden space 22528K, 0% used [0x00000007eab00000,0x00000007eab00000,0x00000007ec100000)
  from space 1024K, 0% used [0x00000007ec380000,0x00000007ec380000,0x00000007ec480000)
  to   space 2560K, 0% used [0x00000007ec700000,0x00000007ec700000,0x00000007ec980000)
 ParOldGen       total 68608K, used 24742K [0x00000007c0000000, 0x00000007c4300000, 0x00000007eab00000)
  object space 68608K, 36% used [0x00000007c0000000,0x00000007c1829960,0x00000007c4300000)
 Metaspace       used 33307K, capacity 35180K, committed 35328K, reserved 1081344K
  class space    used 3174K, capacity 3839K, committed 3840K, reserved 1048576K
}

